<?xml version="1.0" encoding="UTF-8"?>
<!-- Generated by org.testng.reporters.JUnitXMLReporter -->
<testsuite hostname="Lenovo-PC" name="Test" tests="4" failures="0" timestamp="26 Mar 2023 06:56:38 GMT" time="0.175" errors="0">
  <testcase name="methodA" time="0.057" classname="testgit.FirstFileTest"/>
  <testcase name="methodB" time="0.005" classname="testgit.FirstFileTest"/>
  <testcase name="methodC" time="0.004" classname="testgit.SecondFileTest"/>
  <testcase name="methodD" time="0.003" classname="testgit.SecondFileTest"/>
</testsuite> <!-- Test -->
