<?xml version="1.0" encoding="UTF-8"?>
<!-- Generated by org.testng.reporters.JUnitXMLReporter -->
<testsuite hostname="Lenovo-PC" ignored="0" name="Test" tests="4" failures="0" timestamp="2023-03-12T12:17:09 IST" time="0.423" errors="0">
  <testcase name="methodA" time="0.041" classname="testgit.FirstFile"/>
  <testcase name="methodB" time="0.008" classname="testgit.FirstFile"/>
  <testcase name="methodC" time="0.006" classname="testgit.SecondFile"/>
  <testcase name="methodD" time="0.005" classname="testgit.SecondFile"/>
</testsuite> <!-- Test -->
